[2013-07-07 19:47:09] current index:   16      http_code:  0  => aap.qq.com
[2013-07-07 19:47:09] current index:   10      http_code:  0  => aaj.qq.com
[2013-07-07 19:47:09] current index:   15      http_code:  0  => aao.qq.com
[2013-07-07 19:47:09] current index:   17      http_code:  0  => aaq.qq.com
[2013-07-07 19:47:12] current index:    8      http_code:  0  => aah.qq.com
[2013-07-07 19:47:12] current index:    1      http_code:  0  => aaa.qq.com
[2013-07-07 19:47:12] current index:    2      http_code:  0  => aab.qq.com
[2013-07-07 19:47:12] current index:    3      http_code:  0  => aac.qq.com
[2013-07-07 19:47:12] current index:    4      http_code:  0  => aad.qq.com
[2013-07-07 19:47:12] current index:    5      http_code:  0  => aae.qq.com
[2013-07-07 19:47:12] current index:    6      http_code:  0  => aaf.qq.com
[2013-07-07 19:47:12] current index:    7      http_code:  0  => aag.qq.com
[2013-07-07 19:47:12] current index:    9      http_code:  0  => aai.qq.com
[2013-07-07 19:47:12] current index:   11      http_code:  0  => aak.qq.com
[2013-07-07 19:47:12] current index:   12      http_code:  0  => aal.qq.com
[2013-07-07 19:47:12] current index:   13      http_code:  0  => aam.qq.com
[2013-07-07 19:47:12] current index:   14      http_code:  0  => aan.qq.com
[2013-07-07 19:47:12] current index:   18      http_code:  0  => aar.qq.com
[2013-07-07 19:47:12] current index:   19      http_code:  0  => aas.qq.com
[2013-07-07 19:47:12] current index:   20      http_code:  0  => aat.qq.com
[2013-07-07 19:47:12] current index:   21      http_code:  0  => aau.qq.com
[2013-07-07 19:47:12] current index:   22      http_code:  0  => aav.qq.com
[2013-07-07 19:47:12] current index:   23      http_code:  0  => aaw.qq.com
[2013-07-07 19:47:12] current index:   24      http_code:  0  => aax.qq.com
[2013-07-07 19:47:12] current index:   39      http_code: 200 => abc.qq.com
[2013-07-07 19:47:14] current index:   25      http_code:  0  => aay.qq.com
[2013-07-07 19:47:14] current index:   26      http_code:  0  => aaz.qq.com
[2013-07-07 19:47:14] current index:   27      http_code:  0  => aa0.qq.com
[2013-07-07 19:47:14] current index:   28      http_code:  0  => aa1.qq.com
[2013-07-07 19:47:14] current index:   29      http_code:  0  => aa2.qq.com
[2013-07-07 19:47:14] current index:   30      http_code:  0  => aa3.qq.com
[2013-07-07 19:47:14] current index:   31      http_code:  0  => aa4.qq.com
[2013-07-07 19:47:14] current index:   32      http_code:  0  => aa5.qq.com
[2013-07-07 19:47:14] current index:   33      http_code:  0  => aa6.qq.com
[2013-07-07 19:47:14] current index:   34      http_code:  0  => aa7.qq.com
[2013-07-07 19:47:14] current index:   35      http_code:  0  => aa8.qq.com
[2013-07-07 19:47:14] current index:   36      http_code:  0  => aa9.qq.com
[2013-07-07 19:47:14] current index:   38      http_code:  0  => abb.qq.com
[2013-07-07 19:47:14] current index:   40      http_code:  0  => abd.qq.com
[2013-07-07 19:47:14] current index:   37      http_code:  0  => aba.qq.com
[2013-07-07 19:47:14] current index:   44      http_code:  0  => abh.qq.com
[2013-07-07 19:47:14] current index:   41      http_code:  0  => abe.qq.com
[2013-07-07 19:47:14] current index:   42      http_code:  0  => abf.qq.com
[2013-07-07 19:47:14] current index:   43      http_code:  0  => abg.qq.com
[2013-07-07 19:47:14] current index:   45      http_code:  0  => abi.qq.com
[2013-07-07 19:47:16] current index:   46      http_code:  0  => abj.qq.com
[2013-07-07 19:47:16] current index:   47      http_code:  0  => abk.qq.com
[2013-07-07 19:47:16] current index:   48      http_code:  0  => abl.qq.com
[2013-07-07 19:47:16] current index:   49      http_code:  0  => abm.qq.com
[2013-07-07 19:47:16] current index:   50      http_code:  0  => abn.qq.com
[2013-07-07 19:47:16] current index:   51      http_code:  0  => abo.qq.com
[2013-07-07 19:47:16] current index:   52      http_code:  0  => abp.qq.com
[2013-07-07 19:47:16] current index:   55      http_code:  0  => abs.qq.com
[2013-07-07 19:47:16] current index:   56      http_code:  0  => abt.qq.com
[2013-07-07 19:47:16] current index:   57      http_code:  0  => abu.qq.com
[2013-07-07 19:47:16] current index:   58      http_code:  0  => abv.qq.com
[2013-07-07 19:47:16] current index:   59      http_code:  0  => abw.qq.com
[2013-07-07 19:47:16] current index:   60      http_code:  0  => abx.qq.com
[2013-07-07 19:47:16] current index:   53      http_code:  0  => abq.qq.com
[2013-07-07 19:47:16] current index:   54      http_code:  0  => abr.qq.com
[2013-07-07 19:47:16] current index:   79      http_code:  0  => acg.qq.com
[2013-07-07 19:47:16] current index:   61      http_code:  0  => aby.qq.com
[2013-07-07 19:47:16] current index:   62      http_code:  0  => abz.qq.com
[2013-07-07 19:47:16] current index:   63      http_code:  0  => ab0.qq.com
[2013-07-07 19:47:16] current index:   64      http_code:  0  => ab1.qq.com
[2013-07-07 19:47:16] current index:   65      http_code:  0  => ab2.qq.com
[2013-07-07 19:47:18] current index:   66      http_code:  0  => ab3.qq.com
[2013-07-07 19:47:18] current index:   67      http_code:  0  => ab4.qq.com
[2013-07-07 19:47:18] current index:   69      http_code:  0  => ab6.qq.com
[2013-07-07 19:47:18] current index:   70      http_code:  0  => ab7.qq.com
[2013-07-07 19:47:18] current index:   71      http_code:  0  => ab8.qq.com
[2013-07-07 19:47:18] current index:   68      http_code:  0  => ab5.qq.com
[2013-07-07 19:47:18] current index:   72      http_code:  0  => ab9.qq.com
[2013-07-07 19:47:18] current index:   75      http_code:  0  => acc.qq.com
[2013-07-07 19:47:18] current index:   76      http_code:  0  => acd.qq.com
[2013-07-07 19:47:18] current index:   77      http_code:  0  => ace.qq.com
[2013-07-07 19:47:18] current index:   78      http_code:  0  => acf.qq.com
[2013-07-07 19:47:18] current index:   73      http_code:  0  => aca.qq.com
[2013-07-07 19:47:18] current index:   74      http_code:  0  => acb.qq.com
[2013-07-07 19:47:18] current index:   80      http_code:  0  => ach.qq.com
[2013-07-07 19:47:18] current index:   92      http_code: 403 => act.qq.com
[2013-07-07 19:47:18] current index:   81      http_code:  0  => aci.qq.com
[2013-07-07 19:47:19] current index:   82      http_code:  0  => acj.qq.com
[2013-07-07 19:47:19] current index:   83      http_code:  0  => ack.qq.com
[2013-07-07 19:47:19] current index:   85      http_code:  0  => acm.qq.com
[2013-07-07 19:47:19] current index:   84      http_code:  0  => acl.qq.com
[2013-07-07 19:47:19] current index:   86      http_code:  0  => acn.qq.com
[2013-07-07 19:47:21] current index:   87      http_code:  0  => aco.qq.com
[2013-07-07 19:47:21] current index:   88      http_code:  0  => acp.qq.com
[2013-07-07 19:47:21] current index:   89      http_code:  0  => acq.qq.com
[2013-07-07 19:47:21] current index:   90      http_code:  0  => acr.qq.com
[2013-07-07 19:47:21] current index:   91      http_code:  0  => acs.qq.com
[2013-07-07 19:47:21] current index:   93      http_code:  0  => acu.qq.com
[2013-07-07 19:47:21] current index:   94      http_code:  0  => acv.qq.com
[2013-07-07 19:47:21] current index:   95      http_code:  0  => acw.qq.com
[2013-07-07 19:47:21] current index:   96      http_code:  0  => acx.qq.com
[2013-07-07 19:47:21] current index:   98      http_code:  0  => acz.qq.com
[2013-07-07 19:47:21] current index:   97      http_code:  0  => acy.qq.com
[2013-07-07 19:47:21] current index:   99      http_code:  0  => ac0.qq.com
[2013-07-07 19:47:21] current index:   100     http_code:  0  => ac1.qq.com
[2013-07-07 19:47:21] current index:   101     http_code:  0  => ac2.qq.com
[2013-07-07 19:47:21] current index:   102     http_code:  0  => ac3.qq.com
[2013-07-07 19:47:21] current index:   103     http_code:  0  => ac4.qq.com
[2013-07-07 19:47:21] current index:   110     http_code: 200 => adb.qq.com
[2013-07-07 19:47:22] current index:   107     http_code:  0  => ac8.qq.com
[2013-07-07 19:47:22] current index:   104     http_code:  0  => ac5.qq.com
[2013-07-07 19:47:22] current index:   105     http_code:  0  => ac6.qq.com
[2013-07-07 19:47:22] current index:   106     http_code:  0  => ac7.qq.com
[2013-07-07 19:47:23] current index:   117     http_code:  0  => adi.qq.com
[2013-07-07 19:47:23] current index:   108     http_code:  0  => ac9.qq.com
[2013-07-07 19:47:23] current index:   109     http_code:  0  => ada.qq.com
[2013-07-07 19:47:23] current index:   111     http_code:  0  => adc.qq.com
[2013-07-07 19:47:23] current index:   112     http_code:  0  => add.qq.com
[2013-07-07 19:47:23] current index:   113     http_code:  0  => ade.qq.com
[2013-07-07 19:47:23] current index:   114     http_code:  0  => adf.qq.com
[2013-07-07 19:47:23] current index:   115     http_code:  0  => adg.qq.com
[2013-07-07 19:47:23] current index:   116     http_code:  0  => adh.qq.com
[2013-07-07 19:47:23] current index:   118     http_code:  0  => adj.qq.com
[2013-07-07 19:47:23] current index:   119     http_code:  0  => adk.qq.com
[2013-07-07 19:47:23] current index:   120     http_code:  0  => adl.qq.com
[2013-07-07 19:47:23] current index:   121     http_code:  0  => adm.qq.com
[2013-07-07 19:47:23] current index:   132     http_code: 200 => adx.qq.com
[2013-07-07 19:47:28] current index:   122     http_code:  0  => adn.qq.com
[2013-07-07 19:47:28] current index:   123     http_code:  0  => ado.qq.com
[2013-07-07 19:47:28] current index:   124     http_code:  0  => adp.qq.com
[2013-07-07 19:47:28] current index:   125     http_code:  0  => adq.qq.com
[2013-07-07 19:47:28] current index:   126     http_code:  0  => adr.qq.com
[2013-07-07 19:47:28] current index:   127     http_code:  0  => ads.qq.com
[2013-07-07 19:47:28] current index:   128     http_code:  0  => adt.qq.com
[2013-07-07 19:47:28] current index:   129     http_code:  0  => adu.qq.com
[2013-07-07 19:47:28] current index:   130     http_code:  0  => adv.qq.com
[2013-07-07 19:47:28] current index:   131     http_code:  0  => adw.qq.com
[2013-07-07 19:47:28] current index:   133     http_code:  0  => ady.qq.com
[2013-07-07 19:47:28] current index:   134     http_code:  0  => adz.qq.com
[2013-07-07 19:47:28] current index:   135     http_code:  0  => ad0.qq.com
[2013-07-07 19:47:28] current index:   137     http_code:  0  => ad2.qq.com
[2013-07-07 19:47:28] current index:   138     http_code:  0  => ad3.qq.com
[2013-07-07 19:47:28] current index:   139     http_code:  0  => ad4.qq.com
[2013-07-07 19:47:28] current index:   140     http_code:  0  => ad5.qq.com
[2013-07-07 19:47:28] current index:   141     http_code:  0  => ad6.qq.com
[2013-07-07 19:47:33] current index:   142     http_code:  0  => ad7.qq.com
[2013-07-07 19:47:38] current index:   143     http_code:  0  => ad8.qq.com
[2013-07-07 19:47:38] current index:   144     http_code:  0  => ad9.qq.com
[2013-07-07 19:47:38] current index:   145     http_code:  0  => aea.qq.com
[2013-07-07 19:47:38] current index:   146     http_code:  0  => aeb.qq.com
[2013-07-07 19:47:38] current index:   147     http_code:  0  => aec.qq.com
[2013-07-07 19:47:38] current index:   148     http_code:  0  => aed.qq.com
[2013-07-07 19:47:38] current index:   149     http_code:  0  => aee.qq.com
[2013-07-07 19:47:38] current index:   150     http_code:  0  => aef.qq.com
[2013-07-07 19:47:38] current index:   151     http_code:  0  => aeg.qq.com
[2013-07-07 19:47:38] current index:   152     http_code:  0  => aeh.qq.com
[2013-07-07 19:47:38] current index:   153     http_code:  0  => aei.qq.com
[2013-07-07 19:47:38] current index:   154     http_code:  0  => aej.qq.com
[2013-07-07 19:47:38] current index:   155     http_code:  0  => aek.qq.com
[2013-07-07 19:47:38] current index:   156     http_code:  0  => ael.qq.com
[2013-07-07 19:47:38] current index:   157     http_code:  0  => aem.qq.com
[2013-07-07 19:47:38] current index:   158     http_code:  0  => aen.qq.com
[2013-07-07 19:47:38] current index:   159     http_code:  0  => aeo.qq.com
[2013-07-07 19:47:38] current index:   160     http_code:  0  => aep.qq.com
[2013-07-07 19:47:43] current index:   161     http_code:  0  => aeq.qq.com
[2013-07-07 19:47:48] current index:   136     http_code:  0  => ad1.qq.com
[2013-07-07 19:47:48] current index:   162     http_code:  0  => aer.qq.com
[2013-07-07 19:47:48] current index:   163     http_code:  0  => aes.qq.com
[2013-07-07 19:47:48] current index:   164     http_code:  0  => aet.qq.com
[2013-07-07 19:47:48] current index:   165     http_code:  0  => aeu.qq.com
[2013-07-07 19:47:48] current index:   166     http_code:  0  => aev.qq.com
[2013-07-07 19:47:48] current index:   167     http_code:  0  => aew.qq.com
[2013-07-07 19:47:48] current index:   168     http_code:  0  => aex.qq.com
[2013-07-07 19:47:48] current index:   169     http_code:  0  => aey.qq.com
[2013-07-07 19:47:48] current index:   170     http_code:  0  => aez.qq.com
[2013-07-07 19:47:48] current index:   171     http_code:  0  => ae0.qq.com
[2013-07-07 19:47:48] current index:   172     http_code:  0  => ae1.qq.com
[2013-07-07 19:47:48] current index:   173     http_code:  0  => ae2.qq.com
[2013-07-07 19:47:48] current index:   174     http_code:  0  => ae3.qq.com
[2013-07-07 19:47:48] current index:   175     http_code:  0  => ae4.qq.com
[2013-07-07 19:47:48] current index:   176     http_code:  0  => ae5.qq.com
[2013-07-07 19:47:48] current index:   177     http_code:  0  => ae6.qq.com
[2013-07-07 19:47:48] current index:   178     http_code:  0  => ae7.qq.com
[2013-07-07 19:47:48] current index:   179     http_code:  0  => ae8.qq.com
[2013-07-07 19:47:48] current index:   196     http_code:  0  => afp.qq.com
[2013-07-07 19:47:48] current index:   197     http_code:  0  => afq.qq.com
[2013-07-07 19:47:48] current index:   198     http_code:  0  => afr.qq.com
[2013-07-07 19:47:50] current index:   180     http_code:  0  => ae9.qq.com
[2013-07-07 19:47:50] current index:   181     http_code:  0  => afa.qq.com
[2013-07-07 19:47:50] current index:   183     http_code:  0  => afc.qq.com
[2013-07-07 19:47:50] current index:   191     http_code:  0  => afk.qq.com
[2013-07-07 19:47:50] current index:   193     http_code:  0  => afm.qq.com
[2013-07-07 19:47:50] current index:   195     http_code:  0  => afo.qq.com
[2013-07-07 19:47:50] current index:   182     http_code:  0  => afb.qq.com
[2013-07-07 19:47:50] current index:   184     http_code:  0  => afd.qq.com
[2013-07-07 19:47:50] current index:   185     http_code:  0  => afe.qq.com
[2013-07-07 19:47:50] current index:   186     http_code:  0  => aff.qq.com
[2013-07-07 19:47:50] current index:   187     http_code:  0  => afg.qq.com
[2013-07-07 19:47:50] current index:   188     http_code:  0  => afh.qq.com
[2013-07-07 19:47:50] current index:   189     http_code:  0  => afi.qq.com
[2013-07-07 19:47:50] current index:   190     http_code:  0  => afj.qq.com
[2013-07-07 19:47:50] current index:   192     http_code:  0  => afl.qq.com
[2013-07-07 19:47:50] current index:   194     http_code:  0  => afn.qq.com
[2013-07-07 19:47:50] current index:   199     http_code:  0  => afs.qq.com
[2013-07-07 19:47:51] current index:   200     http_code:  0  => aft.qq.com
[2013-07-07 19:47:51] current index:   201     http_code:  0  => afu.qq.com
[2013-07-07 19:47:51] current index:   202     http_code:  0  => afv.qq.com
[2013-07-07 19:47:51] current index:   221     http_code: 200 => age.qq.com
[2013-07-07 19:47:53] current index:   203     http_code:  0  => afw.qq.com
[2013-07-07 19:47:53] current index:   206     http_code:  0  => afz.qq.com
[2013-07-07 19:47:53] current index:   207     http_code:  0  => af0.qq.com
[2013-07-07 19:47:53] current index:   208     http_code:  0  => af1.qq.com
[2013-07-07 19:47:53] current index:   209     http_code:  0  => af2.qq.com
[2013-07-07 19:47:53] current index:   210     http_code:  0  => af3.qq.com
[2013-07-07 19:47:53] current index:   211     http_code:  0  => af4.qq.com
[2013-07-07 19:47:53] current index:   212     http_code:  0  => af5.qq.com
[2013-07-07 19:47:53] current index:   213     http_code:  0  => af6.qq.com
[2013-07-07 19:47:53] current index:   214     http_code:  0  => af7.qq.com
[2013-07-07 19:47:53] current index:   215     http_code:  0  => af8.qq.com
[2013-07-07 19:47:53] current index:   216     http_code:  0  => af9.qq.com
[2013-07-07 19:47:53] current index:   217     http_code:  0  => aga.qq.com
[2013-07-07 19:47:53] current index:   218     http_code:  0  => agb.qq.com
[2013-07-07 19:47:53] current index:   219     http_code:  0  => agc.qq.com
[2013-07-07 19:47:53] current index:   204     http_code:  0  => afx.qq.com
[2013-07-07 19:47:53] current index:   205     http_code:  0  => afy.qq.com
[2013-07-07 19:47:53] current index:   220     http_code:  0  => agd.qq.com
[2013-07-07 19:47:53] current index:   222     http_code:  0  => agf.qq.com
[2013-07-07 19:47:53] current index:   223     http_code:  0  => agg.qq.com
[2013-07-07 19:47:55] current index:   224     http_code:  0  => agh.qq.com
[2013-07-07 19:47:55] current index:   226     http_code:  0  => agj.qq.com
[2013-07-07 19:47:55] current index:   227     http_code:  0  => agk.qq.com
[2013-07-07 19:47:55] current index:   228     http_code:  0  => agl.qq.com
[2013-07-07 19:47:55] current index:   229     http_code:  0  => agm.qq.com
[2013-07-07 19:47:55] current index:   235     http_code:  0  => ags.qq.com
[2013-07-07 19:47:55] current index:   230     http_code:  0  => agn.qq.com
[2013-07-07 19:47:55] current index:   231     http_code:  0  => ago.qq.com
[2013-07-07 19:47:55] current index:   232     http_code:  0  => agp.qq.com
[2013-07-07 19:47:55] current index:   233     http_code:  0  => agq.qq.com
[2013-07-07 19:47:55] current index:   234     http_code:  0  => agr.qq.com
[2013-07-07 19:47:55] current index:   239     http_code:  0  => agw.qq.com
[2013-07-07 19:47:55] current index:   240     http_code:  0  => agx.qq.com
[2013-07-07 19:47:55] current index:   241     http_code:  0  => agy.qq.com
[2013-07-07 19:47:55] current index:   242     http_code:  0  => agz.qq.com
[2013-07-07 19:47:55] current index:   225     http_code:  0  => agi.qq.com
[2013-07-07 19:47:55] current index:   236     http_code:  0  => agt.qq.com
[2013-07-07 19:47:55] current index:   237     http_code:  0  => agu.qq.com
[2013-07-07 19:47:55] current index:   238     http_code:  0  => agv.qq.com
[2013-07-07 19:47:55] current index:   243     http_code:  0  => ag0.qq.com
[2013-07-07 19:47:57] current index:   244     http_code:  0  => ag1.qq.com
[2013-07-07 19:47:57] current index:   245     http_code:  0  => ag2.qq.com
[2013-07-07 19:47:57] current index:   247     http_code:  0  => ag4.qq.com
[2013-07-07 19:47:57] current index:   248     http_code:  0  => ag5.qq.com
[2013-07-07 19:47:57] current index:   246     http_code:  0  => ag3.qq.com
[2013-07-07 19:47:57] current index:   249     http_code:  0  => ag6.qq.com
[2013-07-07 19:47:57] current index:   250     http_code:  0  => ag7.qq.com
[2013-07-07 19:47:57] current index:   251     http_code:  0  => ag8.qq.com
[2013-07-07 19:47:57] current index:   252     http_code:  0  => ag9.qq.com
[2013-07-07 19:47:57] current index:   253     http_code:  0  => aha.qq.com
[2013-07-07 19:47:57] current index:   254     http_code:  0  => ahb.qq.com
[2013-07-07 19:47:57] current index:   255     http_code:  0  => ahc.qq.com
[2013-07-07 19:47:57] current index:   256     http_code:  0  => ahd.qq.com
[2013-07-07 19:47:57] current index:   257     http_code:  0  => ahe.qq.com
[2013-07-07 19:47:57] current index:   258     http_code:  0  => ahf.qq.com
[2013-07-07 19:47:57] current index:   259     http_code:  0  => ahg.qq.com
[2013-07-07 19:47:57] current index:   260     http_code:  0  => ahh.qq.com
[2013-07-07 19:47:57] current index:   261     http_code:  0  => ahi.qq.com
[2013-07-07 19:47:57] current index:   262     http_code:  0  => ahj.qq.com
[2013-07-07 19:47:57] current index:   263     http_code:  0  => ahk.qq.com
[2013-07-07 19:47:57] current index:   275     http_code:  0  => ahw.qq.com
[2013-07-07 19:47:57] current index:   281     http_code:  0  => ah2.qq.com
[2013-07-07 19:48:00] current index:   264     http_code:  0  => ahl.qq.com
[2013-07-07 19:48:00] current index:   265     http_code:  0  => ahm.qq.com
[2013-07-07 19:48:00] current index:   266     http_code:  0  => ahn.qq.com
[2013-07-07 19:48:00] current index:   270     http_code:  0  => ahr.qq.com
[2013-07-07 19:48:00] current index:   271     http_code:  0  => ahs.qq.com
[2013-07-07 19:48:00] current index:   267     http_code:  0  => aho.qq.com
[2013-07-07 19:48:00] current index:   268     http_code:  0  => ahp.qq.com
[2013-07-07 19:48:00] current index:   269     http_code:  0  => ahq.qq.com
[2013-07-07 19:48:00] current index:   272     http_code:  0  => aht.qq.com
[2013-07-07 19:48:00] current index:   273     http_code:  0  => ahu.qq.com
[2013-07-07 19:48:00] current index:   274     http_code:  0  => ahv.qq.com
[2013-07-07 19:48:00] current index:   276     http_code:  0  => ahx.qq.com
[2013-07-07 19:48:00] current index:   277     http_code:  0  => ahy.qq.com
[2013-07-07 19:48:00] current index:   278     http_code:  0  => ahz.qq.com
[2013-07-07 19:48:00] current index:   279     http_code:  0  => ah0.qq.com
[2013-07-07 19:48:00] current index:   280     http_code:  0  => ah1.qq.com
[2013-07-07 19:48:00] current index:   282     http_code:  0  => ah3.qq.com
[2013-07-07 19:48:00] current index:   283     http_code:  0  => ah4.qq.com
[2013-07-07 19:48:00] current index:   284     http_code:  0  => ah5.qq.com
[2013-07-07 19:48:00] current index:   285     http_code:  0  => ah6.qq.com
[2013-07-07 19:48:02] current index:   286     http_code:  0  => ah7.qq.com
[2013-07-07 19:48:07] current index:   287     http_code:  0  => ah8.qq.com
[2013-07-07 19:48:07] current index:   288     http_code:  0  => ah9.qq.com
[2013-07-07 19:48:07] current index:   289     http_code:  0  => aia.qq.com
[2013-07-07 19:48:07] current index:   290     http_code:  0  => aib.qq.com
[2013-07-07 19:48:07] current index:   291     http_code:  0  => aic.qq.com
[2013-07-07 19:48:07] current index:   292     http_code:  0  => aid.qq.com
[2013-07-07 19:48:07] current index:   293     http_code:  0  => aie.qq.com
[2013-07-07 19:48:07] current index:   294     http_code:  0  => aif.qq.com
[2013-07-07 19:48:07] current index:   295     http_code:  0  => aig.qq.com
[2013-07-07 19:48:07] current index:   296     http_code:  0  => aih.qq.com
[2013-07-07 19:48:07] current index:   297     http_code:  0  => aii.qq.com
[2013-07-07 19:48:07] current index:   298     http_code:  0  => aij.qq.com
[2013-07-07 19:48:07] current index:   299     http_code:  0  => aik.qq.com
[2013-07-07 19:48:07] current index:   300     http_code:  0  => ail.qq.com
[2013-07-07 19:48:07] current index:   301     http_code:  0  => aim.qq.com
[2013-07-07 19:48:07] current index:   302     http_code:  0  => ain.qq.com
[2013-07-07 19:48:07] current index:   303     http_code:  0  => aio.qq.com
[2013-07-07 19:48:07] current index:   304     http_code:  0  => aip.qq.com
[2013-07-07 19:48:07] current index:   305     http_code:  0  => aiq.qq.com
[2013-07-07 19:48:17] current index:   307     http_code:  0  => ais.qq.com
[2013-07-07 19:48:17] current index:   308     http_code:  0  => ait.qq.com
[2013-07-07 19:48:17] current index:   309     http_code:  0  => aiu.qq.com
[2013-07-07 19:48:17] current index:   310     http_code:  0  => aiv.qq.com
[2013-07-07 19:48:17] current index:   311     http_code:  0  => aiw.qq.com
[2013-07-07 19:48:17] current index:   312     http_code:  0  => aix.qq.com
[2013-07-07 19:48:17] current index:   313     http_code:  0  => aiy.qq.com
[2013-07-07 19:48:17] current index:   314     http_code:  0  => aiz.qq.com
[2013-07-07 19:48:17] current index:   315     http_code:  0  => ai0.qq.com
[2013-07-07 19:48:17] current index:   316     http_code:  0  => ai1.qq.com
[2013-07-07 19:48:17] current index:   317     http_code:  0  => ai2.qq.com
[2013-07-07 19:48:17] current index:   318     http_code:  0  => ai3.qq.com
[2013-07-07 19:48:17] current index:   319     http_code:  0  => ai4.qq.com
[2013-07-07 19:48:17] current index:   320     http_code:  0  => ai5.qq.com
[2013-07-07 19:48:17] current index:   321     http_code:  0  => ai6.qq.com
[2013-07-07 19:48:17] current index:   322     http_code:  0  => ai7.qq.com
[2013-07-07 19:48:17] current index:   323     http_code:  0  => ai8.qq.com
[2013-07-07 19:48:17] current index:   324     http_code:  0  => ai9.qq.com
[2013-07-07 19:48:17] current index:   325     http_code:  0  => aja.qq.com
[2013-07-07 19:48:27] current index:   306     http_code:  0  => air.qq.com
[2013-07-07 19:48:27] current index:   326     http_code:  0  => ajb.qq.com
[2013-07-07 19:48:27] current index:   327     http_code:  0  => ajc.qq.com
[2013-07-07 19:48:27] current index:   328     http_code:  0  => ajd.qq.com
[2013-07-07 19:48:27] current index:   329     http_code:  0  => aje.qq.com
[2013-07-07 19:48:27] current index:   330     http_code:  0  => ajf.qq.com
[2013-07-07 19:48:27] current index:   331     http_code:  0  => ajg.qq.com
[2013-07-07 19:48:27] current index:   332     http_code:  0  => ajh.qq.com
[2013-07-07 19:48:27] current index:   333     http_code:  0  => aji.qq.com
[2013-07-07 19:48:27] current index:   334     http_code:  0  => ajj.qq.com
[2013-07-07 19:48:27] current index:   335     http_code:  0  => ajk.qq.com
[2013-07-07 19:48:27] current index:   336     http_code:  0  => ajl.qq.com
[2013-07-07 19:48:27] current index:   337     http_code:  0  => ajm.qq.com
[2013-07-07 19:48:27] current index:   338     http_code:  0  => ajn.qq.com
[2013-07-07 19:48:27] current index:   339     http_code:  0  => ajo.qq.com
[2013-07-07 19:48:27] current index:   340     http_code:  0  => ajp.qq.com
[2013-07-07 19:48:27] current index:   341     http_code:  0  => ajq.qq.com
[2013-07-07 19:48:27] current index:   342     http_code:  0  => ajr.qq.com
[2013-07-07 19:48:27] current index:   343     http_code:  0  => ajs.qq.com
[2013-07-07 19:48:27] current index:   344     http_code:  0  => ajt.qq.com
